#-----------------------------------------------------------
# Vivado v2016.4 (64-bit)
# SW Build 1756540 on Mon Jan 23 19:11:23 MST 2017
# IP Build 1755317 on Mon Jan 23 20:30:07 MST 2017
# Start of session at: Tue May 16 20:30:50 2017
# Process ID: 6240
# Current directory: C:/Users/Wtp/Desktop/UTCN/An 2/Semestru 2/CA/project_1a
# Command line: vivado.exe -gui_launcher_event rodinguilauncherevent7368 C:\Users\Wtp\Desktop\UTCN\An 2\Semestru 2\CA\project_1a\project_1.xpr
# Log file: C:/Users/Wtp/Desktop/UTCN/An 2/Semestru 2/CA/project_1a/vivado.log
# Journal file: C:/Users/Wtp/Desktop/UTCN/An 2/Semestru 2/CA/project_1a\vivado.jou
#-----------------------------------------------------------
start_gui
open_project {C:/Users/Wtp/Desktop/UTCN/An 2/Semestru 2/CA/project_1a/project_1.xpr}
Scanning sources...
Finished scanning sources
INFO: [IP_Flow 19-234] Refreshing IP repositories
INFO: [IP_Flow 19-1704] No user IP repositories specified
INFO: [IP_Flow 19-2313] Loaded Vivado IP repository 'D:/Xilinx/Vivado/2016.4/data/ip'.
remove_files  -fileset constrs_1 {{C:/Users/Wtp/Desktop/UTCN/An 2/Semestru 2/CA/project_1a/basys3.xdc}}
add_files -fileset constrs_1 -norecurse C:/Users/Wtp/Desktop/test_env/basys3.xdc
reset_run synth_1
launch_runs impl_1 -jobs 4
[Tue May 16 20:32:02 2017] Launched synth_1...
Run output will be captured here: C:/Users/Wtp/Desktop/UTCN/An 2/Semestru 2/CA/project_1a/project_1.runs/synth_1/runme.log
[Tue May 16 20:32:02 2017] Launched impl_1...
Run output will be captured here: C:/Users/Wtp/Desktop/UTCN/An 2/Semestru 2/CA/project_1a/project_1.runs/impl_1/runme.log
reset_run impl_1
launch_runs impl_1 -jobs 4
[Tue May 16 20:33:45 2017] Launched impl_1...
Run output will be captured here: C:/Users/Wtp/Desktop/UTCN/An 2/Semestru 2/CA/project_1a/project_1.runs/impl_1/runme.log
reset_run impl_1
reset_run synth_1
launch_runs impl_1 -jobs 4
[Tue May 16 20:34:27 2017] Launched synth_1...
Run output will be captured here: C:/Users/Wtp/Desktop/UTCN/An 2/Semestru 2/CA/project_1a/project_1.runs/synth_1/runme.log
[Tue May 16 20:34:27 2017] Launched impl_1...
Run output will be captured here: C:/Users/Wtp/Desktop/UTCN/An 2/Semestru 2/CA/project_1a/project_1.runs/impl_1/runme.log
launch_runs impl_1 -to_step write_bitstream -jobs 4
[Tue May 16 20:36:19 2017] Launched impl_1...
Run output will be captured here: C:/Users/Wtp/Desktop/UTCN/An 2/Semestru 2/CA/project_1a/project_1.runs/impl_1/runme.log
exit
INFO: [Common 17-206] Exiting Vivado at Tue May 16 20:41:29 2017...
