#-----------------------------------------------------------
# Vivado v2016.4 (64-bit)
# SW Build 1756540 on Mon Jan 23 19:11:23 MST 2017
# IP Build 1755317 on Mon Jan 23 20:30:07 MST 2017
# Start of session at: Thu Apr 27 12:15:12 2017
# Process ID: 2712
# Current directory: C:/Users/Wtp/Desktop/UTCN/An 2/Semestru 2/CA/project_1a
# Command line: vivado.exe -gui_launcher_event rodinguilauncherevent1416 C:\Users\Wtp\Desktop\UTCN\An 2\Semestru 2\CA\project_1a\project_1.xpr
# Log file: C:/Users/Wtp/Desktop/UTCN/An 2/Semestru 2/CA/project_1a/vivado.log
# Journal file: C:/Users/Wtp/Desktop/UTCN/An 2/Semestru 2/CA/project_1a\vivado.jou
#-----------------------------------------------------------
start_gui
open_project {C:/Users/Wtp/Desktop/UTCN/An 2/Semestru 2/CA/project_1a/project_1.xpr}
Scanning sources...
Finished scanning sources
INFO: [IP_Flow 19-234] Refreshing IP repositories
INFO: [IP_Flow 19-1704] No user IP repositories specified
INFO: [IP_Flow 19-2313] Loaded Vivado IP repository 'D:/Xilinx/Vivado/2016.4/data/ip'.
open_project: Time (s): cpu = 00:00:10 ; elapsed = 00:00:18 . Memory (MB): peak = 769.176 ; gain = 144.430
reset_run synth_1
launch_runs synth_1 -jobs 4
INFO: [HDL 9-1061] Parsing VHDL file "C:/Users/Wtp/Desktop/UTCN/An 2/Semestru 2/CA/project_1a/project_1.srcs/sources_1/new/proj1_test.vhd" into library xil_defaultlib [C:/Users/Wtp/Desktop/UTCN/An 2/Semestru 2/CA/project_1a/project_1.srcs/sources_1/new/proj1_test.vhd:1]
[Thu Apr 27 12:51:00 2017] Launched synth_1...
Run output will be captured here: C:/Users/Wtp/Desktop/UTCN/An 2/Semestru 2/CA/project_1a/project_1.runs/synth_1/runme.log
exit
INFO: [Common 17-206] Exiting Vivado at Thu Apr 27 17:47:51 2017...
