#-----------------------------------------------------------
# Vivado v2016.4 (64-bit)
# SW Build 1756540 on Mon Jan 23 19:11:23 MST 2017
# IP Build 1755317 on Mon Jan 23 20:30:07 MST 2017
# Start of session at: Wed May 03 15:54:35 2017
# Process ID: 7456
# Current directory: C:/Users/Wtp/Desktop/UTCN/An 2/Semestru 2/CA/project_1a
# Command line: vivado.exe -gui_launcher_event rodinguilauncherevent2256 C:\Users\Wtp\Desktop\UTCN\An 2\Semestru 2\CA\project_1a\project_1.xpr
# Log file: C:/Users/Wtp/Desktop/UTCN/An 2/Semestru 2/CA/project_1a/vivado.log
# Journal file: C:/Users/Wtp/Desktop/UTCN/An 2/Semestru 2/CA/project_1a\vivado.jou
#-----------------------------------------------------------
start_gui
open_project {C:/Users/Wtp/Desktop/UTCN/An 2/Semestru 2/CA/project_1a/project_1.xpr}
Scanning sources...
Finished scanning sources
INFO: [IP_Flow 19-234] Refreshing IP repositories
INFO: [IP_Flow 19-1704] No user IP repositories specified
INFO: [IP_Flow 19-2313] Loaded Vivado IP repository 'D:/Xilinx/Vivado/2016.4/data/ip'.
open_project: Time (s): cpu = 00:00:09 ; elapsed = 00:00:17 . Memory (MB): peak = 783.125 ; gain = 150.227
reset_run synth_1
launch_runs synth_1 -jobs 4
INFO: [HDL 9-1061] Parsing VHDL file "C:/Users/Wtp/Desktop/UTCN/An 2/Semestru 2/CA/project_1a/project_1.srcs/sources_1/new/proj1_test.vhd" into library xil_defaultlib [C:/Users/Wtp/Desktop/UTCN/An 2/Semestru 2/CA/project_1a/project_1.srcs/sources_1/new/proj1_test.vhd:1]
[Wed May 03 16:38:04 2017] Launched synth_1...
Run output will be captured here: C:/Users/Wtp/Desktop/UTCN/An 2/Semestru 2/CA/project_1a/project_1.runs/synth_1/runme.log
launch_runs: Time (s): cpu = 00:00:00 ; elapsed = 00:00:06 . Memory (MB): peak = 814.133 ; gain = 0.000
launch_runs impl_1 -jobs 4
[Wed May 03 16:39:06 2017] Launched impl_1...
Run output will be captured here: C:/Users/Wtp/Desktop/UTCN/An 2/Semestru 2/CA/project_1a/project_1.runs/impl_1/runme.log
reset_run impl_1
launch_runs impl_1 -jobs 4
[Wed May 03 16:40:07 2017] Launched impl_1...
Run output will be captured here: C:/Users/Wtp/Desktop/UTCN/An 2/Semestru 2/CA/project_1a/project_1.runs/impl_1/runme.log
launch_runs impl_1 -to_step write_bitstream -jobs 4
[Wed May 03 16:41:26 2017] Launched impl_1...
Run output will be captured here: C:/Users/Wtp/Desktop/UTCN/An 2/Semestru 2/CA/project_1a/project_1.runs/impl_1/runme.log
open_hw
connect_hw_server
INFO: [Labtools 27-2285] Connecting to hw_server url TCP:localhost:3121
INFO: [Labtools 27-2222] Launching hw_server...
INFO: [Labtools 27-2221] Launch Output:

****** Xilinx hw_server v2016.4
  **** Build date : Jan 23 2017-19:37:29
    ** Copyright 1986-2016 Xilinx, Inc. All Rights Reserved.


open_hw_target
INFO: [Labtoolstcl 44-466] Opening hw_target localhost:3121/xilinx_tcf/Digilent/210183795623A
set_property PROGRAM.FILE {C:/Users/Wtp/Desktop/UTCN/An 2/Semestru 2/CA/project_1a/project_1.runs/impl_1/proj1_test.bit} [lindex [get_hw_devices xc7a35t_0] 0]
current_hw_device [lindex [get_hw_devices xc7a35t_0] 0]
refresh_hw_device -update_hw_probes false [lindex [get_hw_devices xc7a35t_0] 0]
INFO: [Labtools 27-1434] Device xc7a35t (JTAG device index = 0) is programmed with a design that has no supported debug core(s) in it.
WARNING: [Labtools 27-3123] The debug hub core was not detected at User Scan Chain 1 or 3.
Resolution: 
1. Make sure the clock connected to the debug hub (dbg_hub) core is a free running clock and is active OR
2. Manually launch hw_server with -e "set xsdb-user-bscan <C_USER_SCAN_CHAIN scan_chain_number>" to detect the debug hub at User Scan Chain of 2 or 4. To determine the user scan chain setting, open the implemented design and use: get_property C_USER_SCAN_CHAIN [get_debug_cores dbg_hub].
set_property PROBES.FILE {} [lindex [get_hw_devices xc7a35t_0] 0]
set_property PROGRAM.FILE {C:/Users/Wtp/Desktop/UTCN/An 2/Semestru 2/CA/project_1a/project_1.runs/impl_1/proj1_test.bit} [lindex [get_hw_devices xc7a35t_0] 0]
program_hw_devices [lindex [get_hw_devices xc7a35t_0] 0]
INFO: [Labtools 27-3164] End of startup status: HIGH
refresh_hw_device [lindex [get_hw_devices xc7a35t_0] 0]
INFO: [Labtools 27-1434] Device xc7a35t (JTAG device index = 0) is programmed with a design that has no supported debug core(s) in it.
WARNING: [Labtools 27-3123] The debug hub core was not detected at User Scan Chain 1 or 3.
Resolution: 
1. Make sure the clock connected to the debug hub (dbg_hub) core is a free running clock and is active OR
2. Manually launch hw_server with -e "set xsdb-user-bscan <C_USER_SCAN_CHAIN scan_chain_number>" to detect the debug hub at User Scan Chain of 2 or 4. To determine the user scan chain setting, open the implemented design and use: get_property C_USER_SCAN_CHAIN [get_debug_cores dbg_hub].
WARNING: [Labtoolstcl 44-130] No matching hw_ilas were found.
WARNING: [Labtoolstcl 44-130] No matching hw_ilas were found.
WARNING: [Labtoolstcl 44-130] No matching hw_ilas were found.
WARNING: [Labtoolstcl 44-130] No matching hw_ilas were found.
reset_run synth_1
launch_runs synth_1 -jobs 4
INFO: [HDL 9-1061] Parsing VHDL file "C:/Users/Wtp/Desktop/UTCN/An 2/Semestru 2/CA/project_1a/project_1.srcs/sources_1/new/proj1_test.vhd" into library xil_defaultlib [C:/Users/Wtp/Desktop/UTCN/An 2/Semestru 2/CA/project_1a/project_1.srcs/sources_1/new/proj1_test.vhd:1]
[Wed May 03 16:59:15 2017] Launched synth_1...
Run output will be captured here: C:/Users/Wtp/Desktop/UTCN/An 2/Semestru 2/CA/project_1a/project_1.runs/synth_1/runme.log
launch_runs impl_1 -jobs 4
[Wed May 03 16:59:58 2017] Launched impl_1...
Run output will be captured here: C:/Users/Wtp/Desktop/UTCN/An 2/Semestru 2/CA/project_1a/project_1.runs/impl_1/runme.log
launch_runs impl_1 -to_step write_bitstream -jobs 4
[Wed May 03 17:01:06 2017] Launched impl_1...
Run output will be captured here: C:/Users/Wtp/Desktop/UTCN/An 2/Semestru 2/CA/project_1a/project_1.runs/impl_1/runme.log
set_property PROBES.FILE {} [lindex [get_hw_devices xc7a35t_0] 0]
set_property PROGRAM.FILE {C:/Users/Wtp/Desktop/UTCN/An 2/Semestru 2/CA/project_1a/project_1.runs/impl_1/proj1_test.bit} [lindex [get_hw_devices xc7a35t_0] 0]
program_hw_devices [lindex [get_hw_devices xc7a35t_0] 0]
INFO: [Labtools 27-3164] End of startup status: HIGH
refresh_hw_device [lindex [get_hw_devices xc7a35t_0] 0]
INFO: [Labtools 27-1434] Device xc7a35t (JTAG device index = 0) is programmed with a design that has no supported debug core(s) in it.
WARNING: [Labtools 27-3123] The debug hub core was not detected at User Scan Chain 1 or 3.
Resolution: 
1. Make sure the clock connected to the debug hub (dbg_hub) core is a free running clock and is active OR
2. Manually launch hw_server with -e "set xsdb-user-bscan <C_USER_SCAN_CHAIN scan_chain_number>" to detect the debug hub at User Scan Chain of 2 or 4. To determine the user scan chain setting, open the implemented design and use: get_property C_USER_SCAN_CHAIN [get_debug_cores dbg_hub].
WARNING: [Labtoolstcl 44-130] No matching hw_ilas were found.
WARNING: [Labtoolstcl 44-130] No matching hw_ilas were found.
WARNING: [Labtoolstcl 44-130] No matching hw_ilas were found.
WARNING: [Labtoolstcl 44-130] No matching hw_ilas were found.
reset_run synth_1
launch_runs synth_1 -jobs 4
INFO: [HDL 9-1061] Parsing VHDL file "C:/Users/Wtp/Desktop/UTCN/An 2/Semestru 2/CA/project_1a/project_1.srcs/sources_1/new/proj1_test.vhd" into library xil_defaultlib [C:/Users/Wtp/Desktop/UTCN/An 2/Semestru 2/CA/project_1a/project_1.srcs/sources_1/new/proj1_test.vhd:1]
[Wed May 03 17:09:06 2017] Launched synth_1...
Run output will be captured here: C:/Users/Wtp/Desktop/UTCN/An 2/Semestru 2/CA/project_1a/project_1.runs/synth_1/runme.log
launch_runs impl_1 -jobs 4
[Wed May 03 17:09:59 2017] Launched impl_1...
Run output will be captured here: C:/Users/Wtp/Desktop/UTCN/An 2/Semestru 2/CA/project_1a/project_1.runs/impl_1/runme.log
launch_runs impl_1 -to_step write_bitstream -jobs 4
[Wed May 03 17:11:08 2017] Launched impl_1...
Run output will be captured here: C:/Users/Wtp/Desktop/UTCN/An 2/Semestru 2/CA/project_1a/project_1.runs/impl_1/runme.log
set_property PROBES.FILE {} [lindex [get_hw_devices xc7a35t_0] 0]
set_property PROGRAM.FILE {C:/Users/Wtp/Desktop/UTCN/An 2/Semestru 2/CA/project_1a/project_1.runs/impl_1/proj1_test.bit} [lindex [get_hw_devices xc7a35t_0] 0]
program_hw_devices [lindex [get_hw_devices xc7a35t_0] 0]
INFO: [Labtools 27-3164] End of startup status: HIGH
refresh_hw_device [lindex [get_hw_devices xc7a35t_0] 0]
INFO: [Labtools 27-1434] Device xc7a35t (JTAG device index = 0) is programmed with a design that has no supported debug core(s) in it.
WARNING: [Labtools 27-3123] The debug hub core was not detected at User Scan Chain 1 or 3.
Resolution: 
1. Make sure the clock connected to the debug hub (dbg_hub) core is a free running clock and is active OR
2. Manually launch hw_server with -e "set xsdb-user-bscan <C_USER_SCAN_CHAIN scan_chain_number>" to detect the debug hub at User Scan Chain of 2 or 4. To determine the user scan chain setting, open the implemented design and use: get_property C_USER_SCAN_CHAIN [get_debug_cores dbg_hub].
WARNING: [Labtoolstcl 44-130] No matching hw_ilas were found.
WARNING: [Labtoolstcl 44-130] No matching hw_ilas were found.
WARNING: [Labtoolstcl 44-130] No matching hw_ilas were found.
WARNING: [Labtoolstcl 44-130] No matching hw_ilas were found.
ERROR: [Labtools 27-2269] No devices detected on target localhost:3121/xilinx_tcf/Digilent/210183795623A.
Check cable connectivity and that the target board is powered up then
use the disconnect_hw_server and connect_hw_server to re-register this hardware target.
ERROR: [Labtoolstcl 44-513] HW Target shutdown. Closing target: localhost:3121/xilinx_tcf/Digilent/210183795623A
